<?xml version="1.0" encoding="UTF-8"?>
<testsuites>
  <testsuite name="" tests="44" assertions="113" errors="0" warnings="0" failures="0" skipped="0" time="0.105487">
    <testsuite name="Project Test Suite" tests="44" assertions="113" errors="0" warnings="0" failures="0" skipped="0" time="0.105487">
      <testsuite name="App\Card\BlackJackRulesTest" file="/home/knake/dbwebb-kurser/mvc/me/report/tests/Card/BlackJackRulesTest.php" tests="6" assertions="13" errors="0" warnings="0" failures="0" skipped="0" time="0.024540">
        <testcase name="testCalculateHand" class="App\Card\BlackJackRulesTest" classname="App.Card.BlackJackRulesTest" file="/home/knake/dbwebb-kurser/mvc/me/report/tests/Card/BlackJackRulesTest.php" line="15" assertions="4" time="0.019329"/>
        <testcase name="testCalculateEmptyHand" class="App\Card\BlackJackRulesTest" classname="App.Card.BlackJackRulesTest" file="/home/knake/dbwebb-kurser/mvc/me/report/tests/Card/BlackJackRulesTest.php" line="72" assertions="2" time="0.001446"/>
        <testcase name="testIsBlackJackTrue" class="App\Card\BlackJackRulesTest" classname="App.Card.BlackJackRulesTest" file="/home/knake/dbwebb-kurser/mvc/me/report/tests/Card/BlackJackRulesTest.php" line="91" assertions="1" time="0.001220"/>
        <testcase name="testIsBlackJackFalse" class="App\Card\BlackJackRulesTest" classname="App.Card.BlackJackRulesTest" file="/home/knake/dbwebb-kurser/mvc/me/report/tests/Card/BlackJackRulesTest.php" line="117" assertions="2" time="0.001365"/>
        <testcase name="testBusted" class="App\Card\BlackJackRulesTest" classname="App.Card.BlackJackRulesTest" file="/home/knake/dbwebb-kurser/mvc/me/report/tests/Card/BlackJackRulesTest.php" line="153" assertions="2" time="0.000612"/>
        <testcase name="testCanDealerDraw" class="App\Card\BlackJackRulesTest" classname="App.Card.BlackJackRulesTest" file="/home/knake/dbwebb-kurser/mvc/me/report/tests/Card/BlackJackRulesTest.php" line="190" assertions="2" time="0.000568"/>
      </testsuite>
      <testsuite name="App\Card\CardGraphicTest" file="/home/knake/dbwebb-kurser/mvc/me/report/tests/Card/CardGraphicTest.php" tests="2" assertions="5" errors="0" warnings="0" failures="0" skipped="0" time="0.003091">
        <testcase name="testGraphicConstruct" class="App\Card\CardGraphicTest" classname="App.Card.CardGraphicTest" file="/home/knake/dbwebb-kurser/mvc/me/report/tests/Card/CardGraphicTest.php" line="15" assertions="3" time="0.002504"/>
        <testcase name="testGraphicAsString" class="App\Card\CardGraphicTest" classname="App.Card.CardGraphicTest" file="/home/knake/dbwebb-kurser/mvc/me/report/tests/Card/CardGraphicTest.php" line="33" assertions="2" time="0.000587"/>
      </testsuite>
      <testsuite name="App\Card\CardHandTest" file="/home/knake/dbwebb-kurser/mvc/me/report/tests/Card/CardHandTest.php" tests="1" assertions="9" errors="0" warnings="0" failures="0" skipped="0" time="0.002335">
        <testcase name="testCardHandMethods" class="App\Card\CardHandTest" classname="App.Card.CardHandTest" file="/home/knake/dbwebb-kurser/mvc/me/report/tests/Card/CardHandTest.php" line="17" assertions="9" time="0.002335"/>
      </testsuite>
      <testsuite name="App\Card\CardTest" file="/home/knake/dbwebb-kurser/mvc/me/report/tests/Card/CardTest.php" tests="2" assertions="6" errors="0" warnings="0" failures="0" skipped="0" time="0.001129">
        <testcase name="testCreateCard" class="App\Card\CardTest" classname="App.Card.CardTest" file="/home/knake/dbwebb-kurser/mvc/me/report/tests/Card/CardTest.php" line="17" assertions="4" time="0.000606"/>
        <testcase name="testCardAsString" class="App\Card\CardTest" classname="App.Card.CardTest" file="/home/knake/dbwebb-kurser/mvc/me/report/tests/Card/CardTest.php" line="39" assertions="2" time="0.000522"/>
      </testsuite>
      <testsuite name="App\Card\DealerTest" file="/home/knake/dbwebb-kurser/mvc/me/report/tests/Card/DealerTest.php" tests="2" assertions="3" errors="0" warnings="0" failures="0" skipped="0" time="0.003703">
        <testcase name="testDealerConstruct" class="App\Card\DealerTest" classname="App.Card.DealerTest" file="/home/knake/dbwebb-kurser/mvc/me/report/tests/Card/DealerTest.php" line="16" assertions="1" time="0.003013"/>
        <testcase name="testShouldDealerDraw" class="App\Card\DealerTest" classname="App.Card.DealerTest" file="/home/knake/dbwebb-kurser/mvc/me/report/tests/Card/DealerTest.php" line="29" assertions="2" time="0.000689"/>
      </testsuite>
      <testsuite name="App\Card\DeckTest" file="/home/knake/dbwebb-kurser/mvc/me/report/tests/Card/DeckTest.php" tests="4" assertions="15" errors="0" warnings="0" failures="0" skipped="0" time="0.007060">
        <testcase name="testConstructDeck" class="App\Card\DeckTest" classname="App.Card.DeckTest" file="/home/knake/dbwebb-kurser/mvc/me/report/tests/Card/DeckTest.php" line="16" assertions="2" time="0.001955"/>
        <testcase name="testShuffle" class="App\Card\DeckTest" classname="App.Card.DeckTest" file="/home/knake/dbwebb-kurser/mvc/me/report/tests/Card/DeckTest.php" line="32" assertions="4" time="0.003182"/>
        <testcase name="testDrawNoParam" class="App\Card\DeckTest" classname="App.Card.DeckTest" file="/home/knake/dbwebb-kurser/mvc/me/report/tests/Card/DeckTest.php" line="77" assertions="2" time="0.000907"/>
        <testcase name="testDrawMultiple" class="App\Card\DeckTest" classname="App.Card.DeckTest" file="/home/knake/dbwebb-kurser/mvc/me/report/tests/Card/DeckTest.php" line="97" assertions="7" time="0.001016"/>
      </testsuite>
      <testsuite name="App\Card\GameLogicTest" file="/home/knake/dbwebb-kurser/mvc/me/report/tests/Card/GameLogicTest.php" tests="11" assertions="30" errors="0" warnings="0" failures="0" skipped="0" time="0.046962">
        <testcase name="testGameLogicConstructor" class="App\Card\GameLogicTest" classname="App.Card.GameLogicTest" file="/home/knake/dbwebb-kurser/mvc/me/report/tests/Card/GameLogicTest.php" line="17" assertions="4" time="0.004428"/>
        <testcase name="testAddPlayers" class="App\Card\GameLogicTest" classname="App.Card.GameLogicTest" file="/home/knake/dbwebb-kurser/mvc/me/report/tests/Card/GameLogicTest.php" line="36" assertions="1" time="0.001009"/>
        <testcase name="testDealCardToPlayer" class="App\Card\GameLogicTest" classname="App.Card.GameLogicTest" file="/home/knake/dbwebb-kurser/mvc/me/report/tests/Card/GameLogicTest.php" line="56" assertions="5" time="0.001144"/>
        <testcase name="testStartGame" class="App\Card\GameLogicTest" classname="App.Card.GameLogicTest" file="/home/knake/dbwebb-kurser/mvc/me/report/tests/Card/GameLogicTest.php" line="91" assertions="4" time="0.001467"/>
        <testcase name="testPlayDealer" class="App\Card\GameLogicTest" classname="App.Card.GameLogicTest" file="/home/knake/dbwebb-kurser/mvc/me/report/tests/Card/GameLogicTest.php" line="120" assertions="3" time="0.001250"/>
        <testcase name="testEmptyPlayers" class="App\Card\GameLogicTest" classname="App.Card.GameLogicTest" file="/home/knake/dbwebb-kurser/mvc/me/report/tests/Card/GameLogicTest.php" line="148" assertions="3" time="0.000968"/>
        <testcase name="testPlayerHitFalse" class="App\Card\GameLogicTest" classname="App.Card.GameLogicTest" file="/home/knake/dbwebb-kurser/mvc/me/report/tests/Card/GameLogicTest.php" line="169" assertions="2" time="0.000997"/>
        <testcase name="testPlayerHitTrue" class="App\Card\GameLogicTest" classname="App.Card.GameLogicTest" file="/home/knake/dbwebb-kurser/mvc/me/report/tests/Card/GameLogicTest.php" line="194" assertions="1" time="0.000999"/>
        <testcase name="testPlayerStand" class="App\Card\GameLogicTest" classname="App.Card.GameLogicTest" file="/home/knake/dbwebb-kurser/mvc/me/report/tests/Card/GameLogicTest.php" line="212" assertions="1" time="0.000937"/>
        <testcase name="testDecideWinner" class="App\Card\GameLogicTest" classname="App.Card.GameLogicTest" file="/home/knake/dbwebb-kurser/mvc/me/report/tests/Card/GameLogicTest.php" line="231" assertions="5" time="0.030818"/>
        <testcase name="testDecideWinnerDealerBust" class="App\Card\GameLogicTest" classname="App.Card.GameLogicTest" file="/home/knake/dbwebb-kurser/mvc/me/report/tests/Card/GameLogicTest.php" line="294" assertions="1" time="0.002947"/>
      </testsuite>
      <testsuite name="App\Card\PlayerTest" file="/home/knake/dbwebb-kurser/mvc/me/report/tests/Card/PlayerTest.php" tests="5" assertions="12" errors="0" warnings="0" failures="0" skipped="0" time="0.004075">
        <testcase name="testPlayerConstruct" class="App\Card\PlayerTest" classname="App.Card.PlayerTest" file="/home/knake/dbwebb-kurser/mvc/me/report/tests/Card/PlayerTest.php" line="15" assertions="1" time="0.000650"/>
        <testcase name="testAddCardToPlayer" class="App\Card\PlayerTest" classname="App.Card.PlayerTest" file="/home/knake/dbwebb-kurser/mvc/me/report/tests/Card/PlayerTest.php" line="29" assertions="5" time="0.000841"/>
        <testcase name="testHasPlayerBlackJack" class="App\Card\PlayerTest" classname="App.Card.PlayerTest" file="/home/knake/dbwebb-kurser/mvc/me/report/tests/Card/PlayerTest.php" line="66" assertions="2" time="0.000611"/>
        <testcase name="testGetPlayerScore" class="App\Card\PlayerTest" classname="App.Card.PlayerTest" file="/home/knake/dbwebb-kurser/mvc/me/report/tests/Card/PlayerTest.php" line="95" assertions="2" time="0.000546"/>
        <testcase name="testPlayerIsStanding" class="App\Card\PlayerTest" classname="App.Card.PlayerTest" file="/home/knake/dbwebb-kurser/mvc/me/report/tests/Card/PlayerTest.php" line="122" assertions="2" time="0.001427"/>
      </testsuite>
      <testsuite name="App\Dice\DiceTest" file="/home/knake/dbwebb-kurser/mvc/me/report/tests/Dice/DiceTest.php" tests="2" assertions="3" errors="0" warnings="0" failures="0" skipped="0" time="0.002656">
        <testcase name="testCreateDice" class="App\Dice\DiceTest" classname="App.Dice.DiceTest" file="/home/knake/dbwebb-kurser/mvc/me/report/tests/Dice/DiceTest.php" line="16" assertions="2" time="0.001154"/>
        <testcase name="testStubRollDiceLastRoll" class="App\Dice\DiceTest" classname="App.Dice.DiceTest" file="/home/knake/dbwebb-kurser/mvc/me/report/tests/Dice/DiceTest.php" line="28" assertions="1" time="0.001502"/>
      </testsuite>
      <testsuite name="App\Entity\BookTest" file="/home/knake/dbwebb-kurser/mvc/me/report/tests/Entity/BookTest.php" tests="5" assertions="5" errors="0" warnings="0" failures="0" skipped="0" time="0.004406">
        <testcase name="testCreateBook" class="App\Entity\BookTest" classname="App.Entity.BookTest" file="/home/knake/dbwebb-kurser/mvc/me/report/tests/Entity/BookTest.php" line="15" assertions="1" time="0.001942"/>
        <testcase name="testTitle" class="App\Entity\BookTest" classname="App.Entity.BookTest" file="/home/knake/dbwebb-kurser/mvc/me/report/tests/Entity/BookTest.php" line="26" assertions="1" time="0.000628"/>
        <testcase name="testIsbn" class="App\Entity\BookTest" classname="App.Entity.BookTest" file="/home/knake/dbwebb-kurser/mvc/me/report/tests/Entity/BookTest.php" line="44" assertions="1" time="0.000807"/>
        <testcase name="testAuthor" class="App\Entity\BookTest" classname="App.Entity.BookTest" file="/home/knake/dbwebb-kurser/mvc/me/report/tests/Entity/BookTest.php" line="61" assertions="1" time="0.000537"/>
        <testcase name="testImage" class="App\Entity\BookTest" classname="App.Entity.BookTest" file="/home/knake/dbwebb-kurser/mvc/me/report/tests/Entity/BookTest.php" line="78" assertions="1" time="0.000492"/>
      </testsuite>
      <testsuite name="App\Slot\SlotMachineTest" file="/home/knake/dbwebb-kurser/mvc/me/report/tests/Slot/SlotMachineTest.php" tests="4" assertions="12" errors="0" warnings="0" failures="0" skipped="0" time="0.005529">
        <testcase name="testSlotConstruct" class="App\Slot\SlotMachineTest" classname="App.Slot.SlotMachineTest" file="/home/knake/dbwebb-kurser/mvc/me/report/tests/Slot/SlotMachineTest.php" line="15" assertions="1" time="0.002575"/>
        <testcase name="testGetSymbols" class="App\Slot\SlotMachineTest" classname="App.Slot.SlotMachineTest" file="/home/knake/dbwebb-kurser/mvc/me/report/tests/Slot/SlotMachineTest.php" line="26" assertions="1" time="0.000508"/>
        <testcase name="testSpinReturnCorrect" class="App\Slot\SlotMachineTest" classname="App.Slot.SlotMachineTest" file="/home/knake/dbwebb-kurser/mvc/me/report/tests/Slot/SlotMachineTest.php" line="39" assertions="4" time="0.001656"/>
        <testcase name="testCalculateWin" class="App\Slot\SlotMachineTest" classname="App.Slot.SlotMachineTest" file="/home/knake/dbwebb-kurser/mvc/me/report/tests/Slot/SlotMachineTest.php" line="60" assertions="6" time="0.000789"/>
      </testsuite>
    </testsuite>
  </testsuite>
</testsuites>
