<?xml version="1.0" encoding="UTF-8"?>
<testsuites>
  <testsuite name="" tests="86" assertions="213" errors="0" warnings="0" failures="0" skipped="0" time="2.940266">
    <testsuite name="Project Test Suite" tests="86" assertions="213" errors="0" warnings="0" failures="0" skipped="0" time="2.940266">
      <testsuite name="App\Card\BlackJackRulesTest" file="/home/knake/dbwebb-kurser/mvc/me/report/tests/Card/BlackJackRulesTest.php" tests="7" assertions="17" errors="0" warnings="0" failures="0" skipped="0" time="0.021827">
        <testcase name="testCalculateHand" class="App\Card\BlackJackRulesTest" classname="App.Card.BlackJackRulesTest" file="/home/knake/dbwebb-kurser/mvc/me/report/tests/Card/BlackJackRulesTest.php" line="15" assertions="4" time="0.016619"/>
        <testcase name="testCalculateEmptyHand" class="App\Card\BlackJackRulesTest" classname="App.Card.BlackJackRulesTest" file="/home/knake/dbwebb-kurser/mvc/me/report/tests/Card/BlackJackRulesTest.php" line="72" assertions="2" time="0.001316"/>
        <testcase name="testIsBlackJackTrue" class="App\Card\BlackJackRulesTest" classname="App.Card.BlackJackRulesTest" file="/home/knake/dbwebb-kurser/mvc/me/report/tests/Card/BlackJackRulesTest.php" line="91" assertions="1" time="0.001068"/>
        <testcase name="testIsBlackJackFalse" class="App\Card\BlackJackRulesTest" classname="App.Card.BlackJackRulesTest" file="/home/knake/dbwebb-kurser/mvc/me/report/tests/Card/BlackJackRulesTest.php" line="117" assertions="2" time="0.001069"/>
        <testcase name="testBusted" class="App\Card\BlackJackRulesTest" classname="App.Card.BlackJackRulesTest" file="/home/knake/dbwebb-kurser/mvc/me/report/tests/Card/BlackJackRulesTest.php" line="153" assertions="2" time="0.000642"/>
        <testcase name="testCanDealerDraw" class="App\Card\BlackJackRulesTest" classname="App.Card.BlackJackRulesTest" file="/home/knake/dbwebb-kurser/mvc/me/report/tests/Card/BlackJackRulesTest.php" line="190" assertions="2" time="0.000549"/>
        <testcase name="testCanPlayerSplit" class="App\Card\BlackJackRulesTest" classname="App.Card.BlackJackRulesTest" file="/home/knake/dbwebb-kurser/mvc/me/report/tests/Card/BlackJackRulesTest.php" line="224" assertions="4" time="0.000564"/>
      </testsuite>
      <testsuite name="App\Card\CardGraphicTest" file="/home/knake/dbwebb-kurser/mvc/me/report/tests/Card/CardGraphicTest.php" tests="2" assertions="5" errors="0" warnings="0" failures="0" skipped="0" time="0.003570">
        <testcase name="testGraphicConstruct" class="App\Card\CardGraphicTest" classname="App.Card.CardGraphicTest" file="/home/knake/dbwebb-kurser/mvc/me/report/tests/Card/CardGraphicTest.php" line="15" assertions="3" time="0.003040"/>
        <testcase name="testGraphicAsString" class="App\Card\CardGraphicTest" classname="App.Card.CardGraphicTest" file="/home/knake/dbwebb-kurser/mvc/me/report/tests/Card/CardGraphicTest.php" line="33" assertions="2" time="0.000530"/>
      </testsuite>
      <testsuite name="App\Card\CardHandTest" file="/home/knake/dbwebb-kurser/mvc/me/report/tests/Card/CardHandTest.php" tests="3" assertions="12" errors="0" warnings="0" failures="0" skipped="0" time="0.002990">
        <testcase name="testCardHandMethods" class="App\Card\CardHandTest" classname="App.Card.CardHandTest" file="/home/knake/dbwebb-kurser/mvc/me/report/tests/Card/CardHandTest.php" line="17" assertions="9" time="0.001992"/>
        <testcase name="testStandHand" class="App\Card\CardHandTest" classname="App.Card.CardHandTest" file="/home/knake/dbwebb-kurser/mvc/me/report/tests/Card/CardHandTest.php" line="68" assertions="1" time="0.000496"/>
        <testcase name="testClearHand" class="App\Card\CardHandTest" classname="App.Card.CardHandTest" file="/home/knake/dbwebb-kurser/mvc/me/report/tests/Card/CardHandTest.php" line="92" assertions="2" time="0.000502"/>
      </testsuite>
      <testsuite name="App\Card\CardTest" file="/home/knake/dbwebb-kurser/mvc/me/report/tests/Card/CardTest.php" tests="2" assertions="6" errors="0" warnings="0" failures="0" skipped="0" time="0.001030">
        <testcase name="testCreateCard" class="App\Card\CardTest" classname="App.Card.CardTest" file="/home/knake/dbwebb-kurser/mvc/me/report/tests/Card/CardTest.php" line="17" assertions="4" time="0.000517"/>
        <testcase name="testCardAsString" class="App\Card\CardTest" classname="App.Card.CardTest" file="/home/knake/dbwebb-kurser/mvc/me/report/tests/Card/CardTest.php" line="39" assertions="2" time="0.000512"/>
      </testsuite>
      <testsuite name="App\Card\DealerTest" file="/home/knake/dbwebb-kurser/mvc/me/report/tests/Card/DealerTest.php" tests="2" assertions="3" errors="0" warnings="0" failures="0" skipped="0" time="0.006123">
        <testcase name="testDealerConstruct" class="App\Card\DealerTest" classname="App.Card.DealerTest" file="/home/knake/dbwebb-kurser/mvc/me/report/tests/Card/DealerTest.php" line="16" assertions="1" time="0.005431"/>
        <testcase name="testShouldDealerDraw" class="App\Card\DealerTest" classname="App.Card.DealerTest" file="/home/knake/dbwebb-kurser/mvc/me/report/tests/Card/DealerTest.php" line="29" assertions="2" time="0.000692"/>
      </testsuite>
      <testsuite name="App\Card\DeckTest" file="/home/knake/dbwebb-kurser/mvc/me/report/tests/Card/DeckTest.php" tests="4" assertions="15" errors="0" warnings="0" failures="0" skipped="0" time="0.009374">
        <testcase name="testConstructDeck" class="App\Card\DeckTest" classname="App.Card.DeckTest" file="/home/knake/dbwebb-kurser/mvc/me/report/tests/Card/DeckTest.php" line="16" assertions="2" time="0.002477"/>
        <testcase name="testShuffle" class="App\Card\DeckTest" classname="App.Card.DeckTest" file="/home/knake/dbwebb-kurser/mvc/me/report/tests/Card/DeckTest.php" line="32" assertions="4" time="0.005016"/>
        <testcase name="testDrawNoParam" class="App\Card\DeckTest" classname="App.Card.DeckTest" file="/home/knake/dbwebb-kurser/mvc/me/report/tests/Card/DeckTest.php" line="77" assertions="2" time="0.000885"/>
        <testcase name="testDrawMultiple" class="App\Card\DeckTest" classname="App.Card.DeckTest" file="/home/knake/dbwebb-kurser/mvc/me/report/tests/Card/DeckTest.php" line="97" assertions="7" time="0.000996"/>
      </testsuite>
      <testsuite name="App\Card\GameLogicTest" file="/home/knake/dbwebb-kurser/mvc/me/report/tests/Card/GameLogicTest.php" tests="13" assertions="36" errors="0" warnings="0" failures="0" skipped="0" time="0.050941">
        <testcase name="testGameLogicConstructor" class="App\Card\GameLogicTest" classname="App.Card.GameLogicTest" file="/home/knake/dbwebb-kurser/mvc/me/report/tests/Card/GameLogicTest.php" line="17" assertions="4" time="0.004914"/>
        <testcase name="testAddPlayers" class="App\Card\GameLogicTest" classname="App.Card.GameLogicTest" file="/home/knake/dbwebb-kurser/mvc/me/report/tests/Card/GameLogicTest.php" line="36" assertions="1" time="0.001031"/>
        <testcase name="testDealCardToPlayer" class="App\Card\GameLogicTest" classname="App.Card.GameLogicTest" file="/home/knake/dbwebb-kurser/mvc/me/report/tests/Card/GameLogicTest.php" line="56" assertions="5" time="0.001106"/>
        <testcase name="testStartGame" class="App\Card\GameLogicTest" classname="App.Card.GameLogicTest" file="/home/knake/dbwebb-kurser/mvc/me/report/tests/Card/GameLogicTest.php" line="91" assertions="4" time="0.001115"/>
        <testcase name="testPlayDealer" class="App\Card\GameLogicTest" classname="App.Card.GameLogicTest" file="/home/knake/dbwebb-kurser/mvc/me/report/tests/Card/GameLogicTest.php" line="120" assertions="3" time="0.001494"/>
        <testcase name="testEmptyPlayers" class="App\Card\GameLogicTest" classname="App.Card.GameLogicTest" file="/home/knake/dbwebb-kurser/mvc/me/report/tests/Card/GameLogicTest.php" line="148" assertions="3" time="0.000947"/>
        <testcase name="testPlayerHitFalse" class="App\Card\GameLogicTest" classname="App.Card.GameLogicTest" file="/home/knake/dbwebb-kurser/mvc/me/report/tests/Card/GameLogicTest.php" line="169" assertions="3" time="0.001610"/>
        <testcase name="testPlayerHitTrue" class="App\Card\GameLogicTest" classname="App.Card.GameLogicTest" file="/home/knake/dbwebb-kurser/mvc/me/report/tests/Card/GameLogicTest.php" line="212" assertions="1" time="0.001147"/>
        <testcase name="testPlayerStand" class="App\Card\GameLogicTest" classname="App.Card.GameLogicTest" file="/home/knake/dbwebb-kurser/mvc/me/report/tests/Card/GameLogicTest.php" line="230" assertions="3" time="0.001168"/>
        <testcase name="testDecideWinner" class="App\Card\GameLogicTest" classname="App.Card.GameLogicTest" file="/home/knake/dbwebb-kurser/mvc/me/report/tests/Card/GameLogicTest.php" line="266" assertions="1" time="0.030375"/>
        <testcase name="testDecideWinnerDealerBust" class="App\Card\GameLogicTest" classname="App.Card.GameLogicTest" file="/home/knake/dbwebb-kurser/mvc/me/report/tests/Card/GameLogicTest.php" line="331" assertions="1" time="0.003099"/>
        <testcase name="testPlayerSplitTrue" class="App\Card\GameLogicTest" classname="App.Card.GameLogicTest" file="/home/knake/dbwebb-kurser/mvc/me/report/tests/Card/GameLogicTest.php" line="371" assertions="5" time="0.001293"/>
        <testcase name="testPlayerSplitFalse" class="App\Card\GameLogicTest" classname="App.Card.GameLogicTest" file="/home/knake/dbwebb-kurser/mvc/me/report/tests/Card/GameLogicTest.php" line="427" assertions="2" time="0.001641"/>
      </testsuite>
      <testsuite name="App\Card\PlayerTest" file="/home/knake/dbwebb-kurser/mvc/me/report/tests/Card/PlayerTest.php" tests="8" assertions="19" errors="0" warnings="0" failures="0" skipped="0" time="0.004696">
        <testcase name="testPlayerConstruct" class="App\Card\PlayerTest" classname="App.Card.PlayerTest" file="/home/knake/dbwebb-kurser/mvc/me/report/tests/Card/PlayerTest.php" line="15" assertions="1" time="0.000540"/>
        <testcase name="testAddCardToPlayer" class="App\Card\PlayerTest" classname="App.Card.PlayerTest" file="/home/knake/dbwebb-kurser/mvc/me/report/tests/Card/PlayerTest.php" line="29" assertions="5" time="0.000693"/>
        <testcase name="testHasPlayerBlackJack" class="App\Card\PlayerTest" classname="App.Card.PlayerTest" file="/home/knake/dbwebb-kurser/mvc/me/report/tests/Card/PlayerTest.php" line="66" assertions="2" time="0.000662"/>
        <testcase name="testGetPlayerScore" class="App\Card\PlayerTest" classname="App.Card.PlayerTest" file="/home/knake/dbwebb-kurser/mvc/me/report/tests/Card/PlayerTest.php" line="95" assertions="2" time="0.000613"/>
        <testcase name="testPlayerIsStanding" class="App\Card\PlayerTest" classname="App.Card.PlayerTest" file="/home/knake/dbwebb-kurser/mvc/me/report/tests/Card/PlayerTest.php" line="122" assertions="2" time="0.000514"/>
        <testcase name="testGetName" class="App\Card\PlayerTest" classname="App.Card.PlayerTest" file="/home/knake/dbwebb-kurser/mvc/me/report/tests/Card/PlayerTest.php" line="142" assertions="2" time="0.000469"/>
        <testcase name="testAddingHands" class="App\Card\PlayerTest" classname="App.Card.PlayerTest" file="/home/knake/dbwebb-kurser/mvc/me/report/tests/Card/PlayerTest.php" line="161" assertions="4" time="0.000536"/>
        <testcase name="testGetCurrentHandWithBigIndex" class="App\Card\PlayerTest" classname="App.Card.PlayerTest" file="/home/knake/dbwebb-kurser/mvc/me/report/tests/Card/PlayerTest.php" line="192" assertions="1" time="0.000670"/>
      </testsuite>
      <testsuite name="App\Controller\ApiControllerTest" file="/home/knake/dbwebb-kurser/mvc/me/report/tests/Controller/ApiControllerTest.php" tests="1" assertions="1" errors="0" warnings="0" failures="0" skipped="0" time="0.735489">
        <testcase name="testApiControllerRoute" class="App\Controller\ApiControllerTest" classname="App.Controller.ApiControllerTest" file="/home/knake/dbwebb-kurser/mvc/me/report/tests/Controller/ApiControllerTest.php" line="15" assertions="1" time="0.735489"/>
      </testsuite>
      <testsuite name="App\Controller\BlackJackControllerTest" file="/home/knake/dbwebb-kurser/mvc/me/report/tests/Controller/BlackJackControllerTest.php" tests="7" assertions="18" errors="0" warnings="0" failures="0" skipped="0" time="0.481775">
        <testcase name="testBlackJackControllerRoutes" class="App\Controller\BlackJackControllerTest" classname="App.Controller.BlackJackControllerTest" file="/home/knake/dbwebb-kurser/mvc/me/report/tests/Controller/BlackJackControllerTest.php" line="15" assertions="3" time="0.098347"/>
        <testcase name="testInitPost" class="App\Controller\BlackJackControllerTest" classname="App.Controller.BlackJackControllerTest" file="/home/knake/dbwebb-kurser/mvc/me/report/tests/Controller/BlackJackControllerTest.php" line="32" assertions="2" time="0.085744"/>
        <testcase name="testHit" class="App\Controller\BlackJackControllerTest" classname="App.Controller.BlackJackControllerTest" file="/home/knake/dbwebb-kurser/mvc/me/report/tests/Controller/BlackJackControllerTest.php" line="50" assertions="1" time="0.093377"/>
        <testcase name="testStand" class="App\Controller\BlackJackControllerTest" classname="App.Controller.BlackJackControllerTest" file="/home/knake/dbwebb-kurser/mvc/me/report/tests/Controller/BlackJackControllerTest.php" line="72" assertions="2" time="0.083291"/>
        <testcase name="testWithoutGameSessionPost" class="App\Controller\BlackJackControllerTest" classname="App.Controller.BlackJackControllerTest" file="/home/knake/dbwebb-kurser/mvc/me/report/tests/Controller/BlackJackControllerTest.php" line="90" assertions="4" time="0.037760"/>
        <testcase name="testPlayDealer" class="App\Controller\BlackJackControllerTest" classname="App.Controller.BlackJackControllerTest" file="/home/knake/dbwebb-kurser/mvc/me/report/tests/Controller/BlackJackControllerTest.php" line="106" assertions="2" time="0.043695"/>
        <testcase name="testWithoutGameSess" class="App\Controller\BlackJackControllerTest" classname="App.Controller.BlackJackControllerTest" file="/home/knake/dbwebb-kurser/mvc/me/report/tests/Controller/BlackJackControllerTest.php" line="122" assertions="4" time="0.039562"/>
      </testsuite>
      <testsuite name="App\Controller\BookControllerTest" file="/home/knake/dbwebb-kurser/mvc/me/report/tests/Controller/BookControllerTest.php" tests="2" assertions="5" errors="0" warnings="0" failures="0" skipped="0" time="0.379349">
        <testcase name="testBookControllerRoutes" class="App\Controller\BookControllerTest" classname="App.Controller.BookControllerTest" file="/home/knake/dbwebb-kurser/mvc/me/report/tests/Controller/BookControllerTest.php" line="15" assertions="3" time="0.294290"/>
        <testcase name="testCreateBookPost" class="App\Controller\BookControllerTest" classname="App.Controller.BookControllerTest" file="/home/knake/dbwebb-kurser/mvc/me/report/tests/Controller/BookControllerTest.php" line="32" assertions="2" time="0.085058"/>
      </testsuite>
      <testsuite name="App\Controller\CardGameControllerTest" file="/home/knake/dbwebb-kurser/mvc/me/report/tests/Controller/CardGameControllerTest.php" tests="1" assertions="5" errors="0" warnings="0" failures="0" skipped="0" time="0.234031">
        <testcase name="testCardGameControllerRoutes" class="App\Controller\CardGameControllerTest" classname="App.Controller.CardGameControllerTest" file="/home/knake/dbwebb-kurser/mvc/me/report/tests/Controller/CardGameControllerTest.php" line="15" assertions="5" time="0.234031"/>
      </testsuite>
      <testsuite name="App\Controller\HomeControllerTest" file="/home/knake/dbwebb-kurser/mvc/me/report/tests/Controller/HomeControllerTest.php" tests="1" assertions="5" errors="0" warnings="0" failures="0" skipped="0" time="0.187095">
        <testcase name="testHomeControllerRoutes" class="App\Controller\HomeControllerTest" classname="App.Controller.HomeControllerTest" file="/home/knake/dbwebb-kurser/mvc/me/report/tests/Controller/HomeControllerTest.php" line="15" assertions="5" time="0.187095"/>
      </testsuite>
      <testsuite name="App\Controller\JsonControllerTest" file="/home/knake/dbwebb-kurser/mvc/me/report/tests/Controller/JsonControllerTest.php" tests="5" assertions="7" errors="0" warnings="0" failures="0" skipped="0" time="0.524027">
        <testcase name="testJsonControllerRoute" class="App\Controller\JsonControllerTest" classname="App.Controller.JsonControllerTest" file="/home/knake/dbwebb-kurser/mvc/me/report/tests/Controller/JsonControllerTest.php" line="15" assertions="1" time="0.022755"/>
        <testcase name="testPostRoutes" class="App\Controller\JsonControllerTest" classname="App.Controller.JsonControllerTest" file="/home/knake/dbwebb-kurser/mvc/me/report/tests/Controller/JsonControllerTest.php" line="31" assertions="3" time="0.058562"/>
        <testcase name="testDrawTooMuchCards" class="App\Controller\JsonControllerTest" classname="App.Controller.JsonControllerTest" file="/home/knake/dbwebb-kurser/mvc/me/report/tests/Controller/JsonControllerTest.php" line="48" assertions="1" time="0.352402"/>
        <testcase name="testBjApiNoGame" class="App\Controller\JsonControllerTest" classname="App.Controller.JsonControllerTest" file="/home/knake/dbwebb-kurser/mvc/me/report/tests/Controller/JsonControllerTest.php" line="63" assertions="1" time="0.047818"/>
        <testcase name="testBjApi" class="App\Controller\JsonControllerTest" classname="App.Controller.JsonControllerTest" file="/home/knake/dbwebb-kurser/mvc/me/report/tests/Controller/JsonControllerTest.php" line="78" assertions="1" time="0.042490"/>
      </testsuite>
      <testsuite name="App\Controller\JsonLibraryTest" file="/home/knake/dbwebb-kurser/mvc/me/report/tests/Controller/JsonLibraryTest.php" tests="3" assertions="3" errors="0" warnings="0" failures="0" skipped="0" time="0.110932">
        <testcase name="testControllerGetRoute" class="App\Controller\JsonLibraryTest" classname="App.Controller.JsonLibraryTest" file="/home/knake/dbwebb-kurser/mvc/me/report/tests/Controller/JsonLibraryTest.php" line="17" assertions="1" time="0.048573"/>
        <testcase name="testIsbnRoute" class="App\Controller\JsonLibraryTest" classname="App.Controller.JsonLibraryTest" file="/home/knake/dbwebb-kurser/mvc/me/report/tests/Controller/JsonLibraryTest.php" line="34" assertions="1" time="0.038025"/>
        <testcase name="testNoIsbn" class="App\Controller\JsonLibraryTest" classname="App.Controller.JsonLibraryTest" file="/home/knake/dbwebb-kurser/mvc/me/report/tests/Controller/JsonLibraryTest.php" line="60" assertions="1" time="0.024333"/>
      </testsuite>
      <testsuite name="App\Controller\JsonLuckyTest" file="/home/knake/dbwebb-kurser/mvc/me/report/tests/Controller/JsonLuckyTest.php" tests="1" assertions="2" errors="0" warnings="0" failures="0" skipped="0" time="0.031053">
        <testcase name="testControllerRoutes" class="App\Controller\JsonLuckyTest" classname="App.Controller.JsonLuckyTest" file="/home/knake/dbwebb-kurser/mvc/me/report/tests/Controller/JsonLuckyTest.php" line="15" assertions="2" time="0.031053"/>
      </testsuite>
      <testsuite name="App\Controller\ProjControllerTest" file="/home/knake/dbwebb-kurser/mvc/me/report/tests/Controller/ProjControllerTest.php" tests="2" assertions="5" errors="0" warnings="0" failures="0" skipped="0" time="0.129236">
        <testcase name="testProjControllerRoutes" class="App\Controller\ProjControllerTest" classname="App.Controller.ProjControllerTest" file="/home/knake/dbwebb-kurser/mvc/me/report/tests/Controller/ProjControllerTest.php" line="15" assertions="3" time="0.105901"/>
        <testcase name="testLogOutRoute" class="App\Controller\ProjControllerTest" classname="App.Controller.ProjControllerTest" file="/home/knake/dbwebb-kurser/mvc/me/report/tests/Controller/ProjControllerTest.php" line="32" assertions="2" time="0.023336"/>
      </testsuite>
      <testsuite name="App\Entity\BookTest" file="/home/knake/dbwebb-kurser/mvc/me/report/tests/Entity/BookTest.php" tests="5" assertions="5" errors="0" warnings="0" failures="0" skipped="0" time="0.003374">
        <testcase name="testCreateBook" class="App\Entity\BookTest" classname="App.Entity.BookTest" file="/home/knake/dbwebb-kurser/mvc/me/report/tests/Entity/BookTest.php" line="15" assertions="1" time="0.000603"/>
        <testcase name="testTitle" class="App\Entity\BookTest" classname="App.Entity.BookTest" file="/home/knake/dbwebb-kurser/mvc/me/report/tests/Entity/BookTest.php" line="26" assertions="1" time="0.000739"/>
        <testcase name="testIsbn" class="App\Entity\BookTest" classname="App.Entity.BookTest" file="/home/knake/dbwebb-kurser/mvc/me/report/tests/Entity/BookTest.php" line="44" assertions="1" time="0.000771"/>
        <testcase name="testAuthor" class="App\Entity\BookTest" classname="App.Entity.BookTest" file="/home/knake/dbwebb-kurser/mvc/me/report/tests/Entity/BookTest.php" line="61" assertions="1" time="0.000730"/>
        <testcase name="testImage" class="App\Entity\BookTest" classname="App.Entity.BookTest" file="/home/knake/dbwebb-kurser/mvc/me/report/tests/Entity/BookTest.php" line="78" assertions="1" time="0.000532"/>
      </testsuite>
      <testsuite name="App\Entity\Project\HistoryTest" file="/home/knake/dbwebb-kurser/mvc/me/report/tests/Entity/HistoryTest.php" tests="6" assertions="14" errors="0" warnings="0" failures="0" skipped="0" time="0.013636">
        <testcase name="testCreateHistory" class="App\Entity\Project\HistoryTest" classname="App.Entity.Project.HistoryTest" file="/home/knake/dbwebb-kurser/mvc/me/report/tests/Entity/HistoryTest.php" line="17" assertions="2" time="0.005104"/>
        <testcase name="testSetGetActionType" class="App\Entity\Project\HistoryTest" classname="App.Entity.Project.HistoryTest" file="/home/knake/dbwebb-kurser/mvc/me/report/tests/Entity/HistoryTest.php" line="30" assertions="2" time="0.001561"/>
        <testcase name="testSetGetAmount" class="App\Entity\Project\HistoryTest" classname="App.Entity.Project.HistoryTest" file="/home/knake/dbwebb-kurser/mvc/me/report/tests/Entity/HistoryTest.php" line="49" assertions="3" time="0.000558"/>
        <testcase name="testSetGetDescription" class="App\Entity\Project\HistoryTest" classname="App.Entity.Project.HistoryTest" file="/home/knake/dbwebb-kurser/mvc/me/report/tests/Entity/HistoryTest.php" line="72" assertions="3" time="0.000524"/>
        <testcase name="testSetGetCreated" class="App\Entity\Project\HistoryTest" classname="App.Entity.Project.HistoryTest" file="/home/knake/dbwebb-kurser/mvc/me/report/tests/Entity/HistoryTest.php" line="92" assertions="2" time="0.000541"/>
        <testcase name="testSetGetUserIdMock" class="App\Entity\Project\HistoryTest" classname="App.Entity.Project.HistoryTest" file="/home/knake/dbwebb-kurser/mvc/me/report/tests/Entity/HistoryTest.php" line="111" assertions="2" time="0.005349"/>
      </testsuite>
      <testsuite name="App\Entity\Project\UserTest" file="/home/knake/dbwebb-kurser/mvc/me/report/tests/Entity/UserTest.php" tests="7" assertions="18" errors="0" warnings="0" failures="0" skipped="0" time="0.006544">
        <testcase name="testCreateUser" class="App\Entity\Project\UserTest" classname="App.Entity.Project.UserTest" file="/home/knake/dbwebb-kurser/mvc/me/report/tests/Entity/UserTest.php" line="16" assertions="1" time="0.000499"/>
        <testcase name="testGetIdNull" class="App\Entity\Project\UserTest" classname="App.Entity.Project.UserTest" file="/home/knake/dbwebb-kurser/mvc/me/report/tests/Entity/UserTest.php" line="29" assertions="1" time="0.000472"/>
        <testcase name="testSetAndGetUsername" class="App\Entity\Project\UserTest" classname="App.Entity.Project.UserTest" file="/home/knake/dbwebb-kurser/mvc/me/report/tests/Entity/UserTest.php" line="42" assertions="4" time="0.001479"/>
        <testcase name="testSetAndGetPassword" class="App\Entity\Project\UserTest" classname="App.Entity.Project.UserTest" file="/home/knake/dbwebb-kurser/mvc/me/report/tests/Entity/UserTest.php" line="63" assertions="2" time="0.000485"/>
        <testcase name="testSetAndGetBalanceAndProfilePic" class="App\Entity\Project\UserTest" classname="App.Entity.Project.UserTest" file="/home/knake/dbwebb-kurser/mvc/me/report/tests/Entity/UserTest.php" line="83" assertions="6" time="0.000559"/>
        <testcase name="testGetHistories" class="App\Entity\Project\UserTest" classname="App.Entity.Project.UserTest" file="/home/knake/dbwebb-kurser/mvc/me/report/tests/Entity/UserTest.php" line="111" assertions="2" time="0.000506"/>
        <testcase name="testAddHistoriesMock" class="App\Entity\Project\UserTest" classname="App.Entity.Project.UserTest" file="/home/knake/dbwebb-kurser/mvc/me/report/tests/Entity/UserTest.php" line="127" assertions="2" time="0.002544"/>
      </testsuite>
      <testsuite name="App\Slot\SlotMachineTest" file="/home/knake/dbwebb-kurser/mvc/me/report/tests/Slot/SlotMachineTest.php" tests="4" assertions="12" errors="0" warnings="0" failures="0" skipped="0" time="0.003174">
        <testcase name="testSlotConstruct" class="App\Slot\SlotMachineTest" classname="App.Slot.SlotMachineTest" file="/home/knake/dbwebb-kurser/mvc/me/report/tests/Slot/SlotMachineTest.php" line="15" assertions="1" time="0.000648"/>
        <testcase name="testGetSymbols" class="App\Slot\SlotMachineTest" classname="App.Slot.SlotMachineTest" file="/home/knake/dbwebb-kurser/mvc/me/report/tests/Slot/SlotMachineTest.php" line="26" assertions="1" time="0.000464"/>
        <testcase name="testSpinReturnCorrect" class="App\Slot\SlotMachineTest" classname="App.Slot.SlotMachineTest" file="/home/knake/dbwebb-kurser/mvc/me/report/tests/Slot/SlotMachineTest.php" line="39" assertions="4" time="0.001521"/>
        <testcase name="testCalculateWin" class="App\Slot\SlotMachineTest" classname="App.Slot.SlotMachineTest" file="/home/knake/dbwebb-kurser/mvc/me/report/tests/Slot/SlotMachineTest.php" line="60" assertions="6" time="0.000541"/>
      </testsuite>
    </testsuite>
  </testsuite>
</testsuites>
